Running: /usr/local/insa/Xilinx.ISE/13.4/ISE_DS/ISE/bin/lin64/unwrapped/fuse -relaunch -intstyle "ise" -incremental -lib "secureip" -o "/home/rahmoun/Projet_systeme_info/TestProcesseur_isim_beh.exe" -prj "/home/rahmoun/Projet_systeme_info/TestProcesseur_beh.prj" "work.TestProcesseur" 
ISim O.87xd (signature 0x8ddf5b5d)
Number of CPUs detected in this system: 8
Turning on mult-threading, number of parallel sub-compilation jobs: 16 
Determining compilation order of HDL files
Parsing VHDL file "/home/rahmoun/Projet_systeme_info/Pipeline.vhd" into library work
Parsing VHDL file "/home/rahmoun/Projet_systeme_info/Decode.vhd" into library work
Parsing VHDL file "/home/rahmoun/Projet_systeme_info/Banc_registre.vhd" into library work
Parsing VHDL file "/home/rahmoun/Projet_systeme_info/ALU.vhd" into library work
Parsing VHDL file "/home/rahmoun/Projet_systeme_info/Processeur.vhd" into library work
WARNING:HDLCompiler:946 - "/home/rahmoun/Projet_systeme_info/Processeur.vhd" Line 146: Actual for formal port cin is neither a static name nor a globally static expression
Parsing VHDL file "/home/rahmoun/Projet_systeme_info/TestProcesseur.vhd" into library work
Starting static elaboration
Completed static elaboration
Fuse Memory Usage: 97668 KB
Fuse CPU Usage: 1060 ms
Compiling package standard
Compiling package std_logic_1164
Compiling package numeric_std
Compiling package std_logic_arith
Compiling package std_logic_unsigned
Compiling architecture behavioral of entity Decode [decode_default]
Compiling architecture behavioral of entity Banc_registre [banc_registre_default]
Compiling architecture behavioral of entity ALU [alu_default]
Compiling architecture behavioral of entity Pipeline [pipeline_default]
Compiling architecture struct of entity Processeur [processeur_default]
Compiling architecture behavior of entity testprocesseur
Time Resolution for simulation is 1ps.
Waiting for 1 sub-compilation(s) to finish...
Compiled 16 VHDL Units
Built simulation executable /home/rahmoun/Projet_systeme_info/TestProcesseur_isim_beh.exe
Fuse Memory Usage: 1198020 KB
Fuse CPU Usage: 1240 ms
GCC CPU Usage: 190 ms
